0 info it worked if it ends with ok
1 verbose cli [ 'node', '/usr/local/bin/npm', 'run', 'ci' ]
2 info using npm@1.4.28
3 info using node@v0.10.35
4 verbose run-script [ 'preci', 'ci', 'postci' ]
5 info preci wrdbr@1.0.0
6 info ci wrdbr@1.0.0
7 verbose unsafe-perm in lifecycle true
8 info wrdbr@1.0.0 Failed to exec ci script
9 error wrdbr@1.0.0 ci: `npm test && npm run lint`
9 error Exit status 1
10 error Failed at the wrdbr@1.0.0 ci script.
10 error This is most likely a problem with the wrdbr package,
10 error not with npm itself.
10 error Tell the author that this fails on your system:
10 error     npm test && npm run lint
10 error You can get their info via:
10 error     npm owner ls wrdbr
10 error There is likely additional logging output above.
11 error System Darwin 14.3.0
12 error command "node" "/usr/local/bin/npm" "run" "ci"
13 error cwd /Users/Dom/git/mlickr
14 error node -v v0.10.35
15 error npm -v 1.4.28
16 error code ELIFECYCLE
17 verbose exit [ 1, true ]
